13 DEBUG 2022-08-08 09:49:38,152 tasks 14952 2874229324464 celery background task started functioning for 1 min
27 DEBUG 2022-08-08 09:49:38,419 tasks 14952 2874229324464 celery background task finished functioning for 1 min
13 DEBUG 2022-08-08 09:49:38,480 tasks 14952 2874229319184 celery background task started functioning for 1 min
13 DEBUG 2022-08-08 09:49:38,491 tasks 14952 2874229842768 celery background task started functioning for 1 min
27 DEBUG 2022-08-08 09:49:38,792 tasks 14952 2874229319184 celery background task finished functioning for 1 min
27 DEBUG 2022-08-08 09:49:38,813 tasks 14952 2874229842768 celery background task finished functioning for 1 min
146 INFO 2022-08-08 10:06:35,632 views 3780 12188 'Started the booking process'
146 INFO 2022-08-08 10:10:03,731 views 13536 10004 'Started the booking process'
171 ERROR 2022-08-08 10:10:03,762 views 13536 10004 'Seat is already booked'
146 INFO 2022-08-08 10:36:13,367 views 10468 11080 'Started the booking process'
171 ERROR 2022-08-08 10:36:13,383 views 10468 11080 'Seat is already booked'
146 INFO 2022-08-08 10:36:37,671 views 16244 7996 'Started the booking process'
146 INFO 2022-08-08 10:39:53,759 views 7628 15044 'Started the booking process'
171 ERROR 2022-08-08 10:41:25,856 views 7628 15044 'current transaction is aborted, commands ignored until end of transaction block
'
146 INFO 2022-08-08 10:41:31,073 views 7628 15044 'Started the booking process'
146 INFO 2022-08-08 12:23:31,086 views 17552 16700 'Started the booking process'
171 ERROR 2022-08-08 12:23:31,107 views 17552 16700 'SeatState matching query does not exist.'
146 INFO 2022-08-08 12:27:10,786 views 9488 8092 'Started the booking process'
146 INFO 2022-08-08 12:29:03,716 views 4924 11548 'Started the booking process'
171 ERROR 2022-08-08 12:29:03,741 views 4924 11548 'Seat is already booked'
146 INFO 2022-08-08 12:29:13,896 views 4924 11548 'Started the booking process'
146 INFO 2022-08-08 12:30:09,116 views 11964 3512 'Started the booking process'
13 DEBUG 2022-08-08 12:30:36,221 tasks 8536 2371744533488 celery background task started functioning for 1 min
13 DEBUG 2022-08-08 12:30:36,268 tasks 8536 2371744736080 celery background task started functioning for 1 min
146 INFO 2022-08-08 12:30:48,375 views 11964 3512 'Started the booking process'
13 DEBUG 2022-08-08 12:30:54,008 tasks 8536 2371744107680 celery background task started functioning for 1 min
13 DEBUG 2022-08-08 12:31:49,195 tasks 8536 2371744875616 celery background task started functioning for 1 min
146 INFO 2022-08-08 12:32:19,107 views 8684 11864 'Started the booking process'
13 DEBUG 2022-08-08 12:32:28,430 tasks 10820 2511756337472 celery background task started functioning for 1 min
13 DEBUG 2022-08-08 12:33:59,203 tasks 10820 2511756589568 celery background task started functioning for 1 min
27 DEBUG 2022-08-08 12:33:59,265 tasks 10820 2511756589568 celery background task finished functioning for 1 min
146 INFO 2022-08-08 12:35:18,990 views 5972 4692 'Started the booking process'
13 DEBUG 2022-08-08 12:36:59,118 tasks 17368 1903338838624 celery background task started functioning for 1 min
27 DEBUG 2022-08-08 12:36:59,182 tasks 17368 1903338838624 celery background task finished functioning for 1 min
146 INFO 2022-08-08 12:37:57,554 views 14268 15980 'Started the booking process'
146 INFO 2022-08-08 12:40:10,428 views 11984 9456 'Started the booking process'
146 INFO 2022-08-08 14:15:16,693 views 5408 9516 'Started the booking process'
146 INFO 2022-08-08 14:17:52,372 views 11316 12128 'Started the booking process'
146 INFO 2022-08-08 14:18:47,822 views 11316 12128 'Started the booking process'
146 INFO 2022-08-08 14:20:16,459 views 11316 12128 'Started the booking process'
146 INFO 2022-08-08 14:23:53,735 views 11316 12128 'Started the booking process'
146 INFO 2022-08-08 14:27:01,615 views 14268 3892 'Started the booking process'
146 INFO 2022-08-08 14:29:11,466 views 3748 11144 'Started the booking process'
138 INFO 2022-08-08 14:54:27,614 views 7352 16816 'Started the booking process'
138 INFO 2022-08-08 14:58:04,947 views 4776 10504 'Started the booking process'
25 DEBUG 2022-08-08 14:58:25,070 expired_shows 18284 2533392102176 celery background task started functioning for 1 min
39 DEBUG 2022-08-08 14:58:25,198 expired_shows 18284 2533392102176 celery background task finished functioning for 1 min
138 INFO 2022-08-08 15:55:03,432 views 8668 5820 'Started the booking process'
25 DEBUG 2022-08-08 15:55:23,563 expired_shows 8628 1705964346304 celery background task started functioning for 1 min
39 DEBUG 2022-08-08 15:55:23,792 expired_shows 8628 1705964346304 celery background task finished functioning for 1 min
138 INFO 2022-08-08 15:56:09,678 views 5468 7508 'Started the booking process'
25 DEBUG 2022-08-08 15:56:29,805 expired_shows 6148 2177643114064 celery background task started functioning for 1 min
39 DEBUG 2022-08-08 15:56:29,959 expired_shows 6148 2177643114064 celery background task finished functioning for 1 min
138 INFO 2022-08-08 15:57:02,484 views 3444 5076 'Started the booking process'
25 DEBUG 2022-08-08 15:57:22,617 expired_shows 10492 2415846386752 celery background task started functioning for 1 min
39 DEBUG 2022-08-08 15:57:22,767 expired_shows 10492 2415846386752 celery background task finished functioning for 1 min
138 INFO 2022-08-08 16:01:22,028 views 13204 13520 'Started the booking process'
25 DEBUG 2022-08-08 16:01:42,150 expired_shows 716 2907988713088 celery background task started functioning for 1 min
39 DEBUG 2022-08-08 16:01:42,303 expired_shows 716 2907988713088 celery background task finished functioning for 1 min
138 INFO 2022-08-08 16:02:01,072 views 13204 13520 'Started the booking process'
25 DEBUG 2022-08-08 16:02:21,136 expired_shows 716 2907988976816 celery background task started functioning for 1 min
39 DEBUG 2022-08-08 16:02:21,277 expired_shows 716 2907988976816 celery background task finished functioning for 1 min
138 INFO 2022-08-08 16:05:57,207 views 14488 7920 'Started the booking process'
25 DEBUG 2022-08-08 16:06:17,340 expired_shows 13844 2321911307552 celery background task started functioning for 1 min
39 DEBUG 2022-08-08 16:06:17,477 expired_shows 13844 2321911307552 celery background task finished functioning for 1 min
138 INFO 2022-08-08 16:09:15,741 views 8392 10204 'Started the booking process'
25 DEBUG 2022-08-08 16:09:35,875 expired_shows 12920 2076888065024 celery background task started functioning for 1 min
39 DEBUG 2022-08-08 16:09:36,009 expired_shows 12920 2076888065024 celery background task finished functioning for 1 min
138 INFO 2022-08-08 16:11:24,198 views 8392 10204 'Started the booking process'
25 DEBUG 2022-08-08 16:11:44,259 expired_shows 10460 1352657265488 celery background task started functioning for 1 min
39 DEBUG 2022-08-08 16:11:44,380 expired_shows 10460 1352657265488 celery background task finished functioning for 1 min
138 INFO 2022-08-08 16:14:24,746 views 2108 8356 'Started the booking process'
25 DEBUG 2022-08-08 16:14:44,876 expired_shows 3576 1660156161440 celery background task started functioning for 1 min
39 DEBUG 2022-08-08 16:14:45,015 expired_shows 3576 1660156161440 celery background task finished functioning for 1 min
138 INFO 2022-08-08 16:16:10,922 views 3696 10292 'Started the booking process'
25 DEBUG 2022-08-08 16:16:31,041 expired_shows 2748 1412531088096 celery background task started functioning for 1 min
39 DEBUG 2022-08-08 16:16:31,175 expired_shows 2748 1412531088096 celery background task finished functioning for 1 min
138 INFO 2022-08-08 16:20:17,189 views 8996 14608 'Started the booking process'
25 DEBUG 2022-08-08 16:20:37,332 expired_shows 3576 1870223568112 celery background task started functioning for 1 min
39 DEBUG 2022-08-08 16:20:37,453 expired_shows 3576 1870223568112 celery background task finished functioning for 1 min
138 INFO 2022-08-08 16:21:03,620 views 12852 6996 'Started the booking process'
25 DEBUG 2022-08-08 16:21:23,753 expired_shows 13428 1290451346080 celery background task started functioning for 1 min
39 DEBUG 2022-08-08 16:21:23,875 expired_shows 13428 1290451346080 celery background task finished functioning for 1 min
138 INFO 2022-08-08 16:23:33,090 views 7688 3816 'Started the booking process'
25 DEBUG 2022-08-08 16:23:53,229 expired_shows 13112 2591298379568 celery background task started functioning for 1 min
39 DEBUG 2022-08-08 16:23:53,361 expired_shows 13112 2591298379568 celery background task finished functioning for 1 min
138 INFO 2022-08-08 16:28:50,008 views 14300 14812 'Started the booking process'
25 DEBUG 2022-08-08 16:29:10,135 expired_shows 12560 2365282213152 celery background task started functioning for 1 min
39 DEBUG 2022-08-08 16:29:10,284 expired_shows 12560 2365282213152 celery background task finished functioning for 1 min
138 INFO 2022-08-08 16:31:44,814 views 6496 14516 'Started the booking process'
25 DEBUG 2022-08-08 16:32:04,943 expired_shows 14812 2052127022368 celery background task started functioning for 1 min
39 DEBUG 2022-08-08 16:32:05,067 expired_shows 14812 2052127022368 celery background task finished functioning for 1 min
138 INFO 2022-08-08 18:21:29,263 views 17224 14444 'Started the booking process'
25 DEBUG 2022-08-08 18:21:49,385 expired_shows 10724 2915147469168 celery background task started functioning for 1 min
39 DEBUG 2022-08-08 18:21:49,474 expired_shows 10724 2915147469168 celery background task finished functioning for 1 min
138 INFO 2022-08-08 18:22:27,065 views 9708 9504 'Started the booking process'
25 DEBUG 2022-08-08 18:22:47,174 expired_shows 17004 1937677312320 celery background task started functioning for 1 min
39 DEBUG 2022-08-08 18:22:47,272 expired_shows 17004 1937677312320 celery background task finished functioning for 1 min
138 INFO 2022-08-08 18:23:13,792 views 15900 16004 'Started the booking process'
25 DEBUG 2022-08-08 18:23:33,863 expired_shows 16024 2329051898352 celery background task started functioning for 1 min
39 DEBUG 2022-08-08 18:23:33,918 expired_shows 16024 2329051898352 celery background task finished functioning for 1 min
138 INFO 2022-08-08 19:14:34,112 views 6168 2152 'Started the booking process'
25 DEBUG 2022-08-08 19:15:22,486 expired_shows 15868 1935743674400 celery background task started functioning for 1 min
39 DEBUG 2022-08-08 19:15:22,561 expired_shows 15868 1935743674400 celery background task finished functioning for 1 min
138 INFO 2022-08-08 19:15:36,450 views 16480 10324 'Started the booking process'
25 DEBUG 2022-08-08 19:15:56,500 expired_shows 15868 1935677908672 celery background task started functioning for 1 min
39 DEBUG 2022-08-08 19:15:56,560 expired_shows 15868 1935677908672 celery background task finished functioning for 1 min
138 INFO 2022-08-08 19:16:32,611 views 16212 8312 'Started the booking process'
25 DEBUG 2022-08-08 19:16:52,675 expired_shows 15868 1935743293872 celery background task started functioning for 1 min
39 DEBUG 2022-08-08 19:16:52,744 expired_shows 15868 1935743293872 celery background task finished functioning for 1 min
138 INFO 2022-08-08 19:19:17,969 views 17292 6732 'Started the booking process'
25 DEBUG 2022-08-08 19:19:38,032 expired_shows 14540 1419942435424 celery background task started functioning for 1 min
39 DEBUG 2022-08-08 19:19:38,095 expired_shows 14540 1419942435424 celery background task finished functioning for 1 min
138 INFO 2022-08-09 10:09:16,036 views 10568 9740 'Started the booking process'
163 ERROR 2022-08-09 10:09:16,073 views 10568 9740 'Seat is already booked'
138 INFO 2022-08-09 10:10:53,038 views 10568 9740 'Started the booking process'
25 DEBUG 2022-08-09 10:11:13,165 expired_shows 3948 2479002597184 celery background task started functioning for 1 min
39 DEBUG 2022-08-09 10:11:13,435 expired_shows 3948 2479002597184 celery background task finished functioning for 1 min
138 INFO 2022-08-09 10:19:25,318 views 10568 9740 'Started the booking process'
163 ERROR 2022-08-09 10:19:25,351 views 10568 9740 'Seat is already booked'
164 ERROR 2022-08-09 11:18:35,654 views 1688 7900 'PaymentMode matching query does not exist.'
138 INFO 2022-08-09 11:19:20,097 views 1688 7900 'Started the booking process'
25 DEBUG 2022-08-09 11:19:40,338 expired_shows 4320 2436635451184 celery background task started functioning for 1 min
39 DEBUG 2022-08-09 11:19:40,463 expired_shows 4320 2436635451184 celery background task finished functioning for 1 min
138 INFO 2022-08-09 11:21:05,167 views 12196 1424 'Started the booking process'
25 DEBUG 2022-08-09 11:21:25,311 expired_shows 4320 2436635669808 celery background task started functioning for 1 min
39 DEBUG 2022-08-09 11:21:25,509 expired_shows 4320 2436635669808 celery background task finished functioning for 1 min
138 INFO 2022-08-09 11:22:37,749 views 9108 16300 'Started the booking process'
25 DEBUG 2022-08-09 11:22:57,889 expired_shows 4320 2436636736880 celery background task started functioning for 1 min
39 DEBUG 2022-08-09 11:22:58,014 expired_shows 4320 2436636736880 celery background task finished functioning for 1 min
138 INFO 2022-08-09 11:24:20,997 views 12884 4576 'Started the booking process'
25 DEBUG 2022-08-09 11:24:41,135 expired_shows 4320 2436635875584 celery background task started functioning for 1 min
39 DEBUG 2022-08-09 11:24:41,251 expired_shows 4320 2436635875584 celery background task finished functioning for 1 min
138 INFO 2022-08-09 11:25:30,955 views 5468 7260 'Started the booking process'
25 DEBUG 2022-08-09 11:25:51,084 expired_shows 4320 2436530248112 celery background task started functioning for 1 min
39 DEBUG 2022-08-09 11:25:51,244 expired_shows 4320 2436530248112 celery background task finished functioning for 1 min
175 ERROR 2022-08-09 12:39:50,786 views 16652 4864 'PaymentMode matching query does not exist.'
139 INFO 2022-08-09 12:40:00,952 views 16652 4864 'Started the booking process'
175 ERROR 2022-08-09 12:40:00,964 views 16652 4864 ''QuerySet' object has no attribute 'morning''
139 INFO 2022-08-09 12:41:17,849 views 16652 4864 'Started the booking process'
175 ERROR 2022-08-09 12:41:17,855 views 16652 4864 ''QuerySet' object has no attribute 'morning''
139 INFO 2022-08-09 12:42:00,090 views 8804 6740 'Started the booking process'
139 INFO 2022-08-09 12:45:21,919 views 15932 1724 'Started the booking process'
175 ERROR 2022-08-09 12:45:33,431 views 15932 1724 'Seat is not available for morning show'
139 INFO 2022-08-09 12:53:15,167 views 15932 1724 'Started the booking process'
175 ERROR 2022-08-09 12:53:20,786 views 15932 1724 'Seat is not available for morning show'
139 INFO 2022-08-09 12:54:02,864 views 14320 16616 'Started the booking process'
175 ERROR 2022-08-09 12:54:04,525 views 14320 16616 'Seat is not available for morning show'
139 INFO 2022-08-09 12:54:57,438 views 14320 16616 'Started the booking process'
175 ERROR 2022-08-09 13:01:27,612 views 14320 16616 'Seat is not available for morning show'
139 INFO 2022-08-09 15:01:21,725 views 15312 12340 'Started the booking process'
139 INFO 2022-08-09 15:03:17,108 views 10712 3944 'Started the booking process'
25 DEBUG 2022-08-09 15:05:01,576 expired_shows 15688 2491764181120 celery background task started functioning for 1 min
25 DEBUG 2022-08-09 15:05:01,585 expired_shows 15688 2491764383712 celery background task started functioning for 1 min
39 DEBUG 2022-08-09 15:05:01,680 expired_shows 15688 2491764383712 celery background task finished functioning for 1 min
139 INFO 2022-08-09 15:11:20,921 views 10712 3944 'Started the booking process'
25 DEBUG 2022-08-09 15:11:40,939 expired_shows 15688 2491729378672 celery background task started functioning for 1 min
39 DEBUG 2022-08-09 15:11:41,020 expired_shows 15688 2491729378672 celery background task finished functioning for 1 min
139 INFO 2022-08-09 15:14:05,187 views 8396 10520 'Started the booking process'
139 INFO 2022-08-09 15:14:14,874 views 8396 10520 'Started the booking process'
25 DEBUG 2022-08-09 15:14:29,720 expired_shows 13396 1594621887760 celery background task started functioning for 1 min
41 DEBUG 2022-08-09 15:14:29,797 expired_shows 13396 1594621887760 celery background task finished functioning for 1 min
25 DEBUG 2022-08-09 15:14:34,907 expired_shows 13396 1594621152064 celery background task started functioning for 1 min
41 DEBUG 2022-08-09 15:14:34,975 expired_shows 13396 1594621152064 celery background task finished functioning for 1 min
139 INFO 2022-08-09 15:14:50,789 views 8396 10520 'Started the booking process'
25 DEBUG 2022-08-09 15:15:10,800 expired_shows 13396 1594521044768 celery background task started functioning for 1 min
41 DEBUG 2022-08-09 15:15:10,866 expired_shows 13396 1594521044768 celery background task finished functioning for 1 min
139 INFO 2022-08-09 15:16:14,395 views 8396 10520 'Started the booking process'
25 DEBUG 2022-08-09 15:16:34,414 expired_shows 13396 1594621888816 celery background task started functioning for 1 min
41 DEBUG 2022-08-09 15:16:34,471 expired_shows 13396 1594621888816 celery background task finished functioning for 1 min
139 INFO 2022-08-09 15:17:35,583 views 8396 10520 'Started the booking process'
25 DEBUG 2022-08-09 15:17:55,610 expired_shows 13396 1594621614336 celery background task started functioning for 1 min
41 DEBUG 2022-08-09 15:17:55,686 expired_shows 13396 1594621614336 celery background task finished functioning for 1 min
139 INFO 2022-08-09 15:18:50,859 views 8396 10520 'Started the booking process'
25 DEBUG 2022-08-09 15:19:10,889 expired_shows 13396 1594551097600 celery background task started functioning for 1 min
41 DEBUG 2022-08-09 15:19:10,955 expired_shows 13396 1594551097600 celery background task finished functioning for 1 min
139 INFO 2022-08-09 15:25:30,167 views 8396 10520 'Started the booking process'
139 INFO 2022-08-09 15:25:32,915 views 8396 10520 'Started the booking process'
139 INFO 2022-08-09 15:25:35,289 views 8396 10520 'Started the booking process'
25 DEBUG 2022-08-09 15:25:50,198 expired_shows 13396 1594587102576 celery background task started functioning for 1 min
41 DEBUG 2022-08-09 15:25:50,257 expired_shows 13396 1594587102576 celery background task finished functioning for 1 min
25 DEBUG 2022-08-09 15:25:52,936 expired_shows 13396 1594620982576 celery background task started functioning for 1 min
41 DEBUG 2022-08-09 15:25:53,009 expired_shows 13396 1594620982576 celery background task finished functioning for 1 min
25 DEBUG 2022-08-09 15:25:55,316 expired_shows 13396 1594521044768 celery background task started functioning for 1 min
41 DEBUG 2022-08-09 15:25:55,487 expired_shows 13396 1594521044768 celery background task finished functioning for 1 min
139 INFO 2022-08-09 15:28:15,683 views 9260 9808 'Started the booking process'
25 DEBUG 2022-08-09 15:29:22,295 expired_shows 13396 1594488703104 celery background task started functioning for 1 min
41 DEBUG 2022-08-09 15:29:22,351 expired_shows 13396 1594488703104 celery background task finished functioning for 1 min
139 INFO 2022-08-09 15:30:04,482 views 14612 3028 'Started the booking process'
25 DEBUG 2022-08-09 15:30:24,540 expired_shows 13396 1594587102576 celery background task started functioning for 1 min
41 DEBUG 2022-08-09 15:30:24,613 expired_shows 13396 1594587102576 celery background task finished functioning for 1 min
139 INFO 2022-08-09 15:34:43,468 views 9740 17012 'Started the booking process'
25 DEBUG 2022-08-09 15:35:03,512 expired_shows 13396 1594621161040 celery background task started functioning for 1 min
41 DEBUG 2022-08-09 15:35:03,574 expired_shows 13396 1594621161040 celery background task finished functioning for 1 min
139 INFO 2022-08-09 15:36:50,706 views 16752 12756 'Started the booking process'
25 DEBUG 2022-08-09 15:37:10,762 expired_shows 13396 1594621890400 celery background task started functioning for 1 min
41 DEBUG 2022-08-09 15:37:10,809 expired_shows 13396 1594621890400 celery background task finished functioning for 1 min
139 INFO 2022-08-09 15:37:14,227 views 16752 12756 'Started the booking process'
25 DEBUG 2022-08-09 15:37:34,249 expired_shows 13396 1594622096336 celery background task started functioning for 1 min
41 DEBUG 2022-08-09 15:37:34,332 expired_shows 13396 1594622096336 celery background task finished functioning for 1 min
139 INFO 2022-08-09 15:37:59,568 views 4364 544 'Started the booking process'
25 DEBUG 2022-08-09 15:39:14,609 expired_shows 13396 1594623081136 celery background task started functioning for 1 min
139 INFO 2022-08-09 15:39:37,317 views 4364 544 'Started the booking process'
25 DEBUG 2022-08-09 15:41:19,049 expired_shows 13396 1594622090880 celery background task started functioning for 1 min
139 INFO 2022-08-09 15:41:25,430 views 1724 5580 'Started the booking process'
167 ERROR 2022-08-09 15:41:27,103 views 1724 5580 'Seat is already booked'
